<?xml version="1.0" encoding="UTF-8"?>
<testng-results skipped="3" failed="0" total="3" passed="0">
  <reporter-output>
  </reporter-output>
  <suite name="TestNG Suite" duration-ms="113369" started-at="2017-09-23T01:10:49Z" finished-at="2017-09-23T01:12:42Z">
    <groups>
    </groups>
    <test name="Google Test" duration-ms="19627" started-at="2017-09-23T01:10:49Z" finished-at="2017-09-23T01:11:08Z">
      <class name="myPack1.TC01">
        <test-method status="FAIL" signature="atStart()[pri:0, instance:myPack1.TC01@7834eb]" name="atStart" is-config="true" duration-ms="0" started-at="2017-09-23T06:40:49Z" finished-at="2017-09-23T06:40:49Z">
          <exception class="org.openqa.selenium.remote.UnreachableBrowserException">
            <message>
              <![CDATA[Error communicating with the remote browser. It may have died.
Build info: version: '2.53.1', revision: 'a36b8b1', time: '2016-06-30 17:37:03'
System info: host: 'AMIT-PC', ip: '192.168.0.5', os.name: 'Windows 7', os.arch: 'x86', os.version: '6.1', java.version: '1.7.0_25'
Driver info: driver.version: RemoteWebDriver
Session ID: 9e00555c4c72d3ab0f9c5a5f8a47cbd6
Capabilities [{platform=XP, acceptSslCerts=true, javascriptEnabled=true, browserName=chrome, chrome={userDataDir=C:\Users\AMIT\AppData\Local\Temp\scoped_dir9320_27234}, rotatable=false, locationContextEnabled=true, mobileEmulationEnabled=false, version=60.0.3112.113, takesHeapSnapshot=true, cssSelectorsEnabled=true, databaseEnabled=false, handlesAlerts=true, browserConnectionEnabled=false, webStorageEnabled=true, nativeEvents=true, applicationCacheEnabled=false, takesScreenshot=true}]]]>
            </message>
            <full-stacktrace>
              <![CDATA[org.openqa.selenium.remote.UnreachableBrowserException: Error communicating with the remote browser. It may have died.
Build info: version: '2.53.1', revision: 'a36b8b1', time: '2016-06-30 17:37:03'
System info: host: 'AMIT-PC', ip: '192.168.0.5', os.name: 'Windows 7', os.arch: 'x86', os.version: '6.1', java.version: '1.7.0_25'
Driver info: driver.version: RemoteWebDriver
Session ID: 9e00555c4c72d3ab0f9c5a5f8a47cbd6
Capabilities [{platform=XP, acceptSslCerts=true, javascriptEnabled=true, browserName=chrome, chrome={userDataDir=C:\Users\AMIT\AppData\Local\Temp\scoped_dir9320_27234}, rotatable=false, locationContextEnabled=true, mobileEmulationEnabled=false, version=60.0.3112.113, takesHeapSnapshot=true, cssSelectorsEnabled=true, databaseEnabled=false, handlesAlerts=true, browserConnectionEnabled=false, webStorageEnabled=true, nativeEvents=true, applicationCacheEnabled=false, takesScreenshot=true}]
	at org.openqa.selenium.remote.RemoteWebDriver.execute(RemoteWebDriver.java:665)
	at org.openqa.selenium.remote.RemoteWebDriver$RemoteWebDriverOptions$RemoteWindow.maximize(RemoteWebDriver.java:945)
	at myPack1.TC01.atStart(Unknown Source)
	at sun.reflect.NativeMethodAccessorImpl.invoke0(Native Method)
	at sun.reflect.NativeMethodAccessorImpl.invoke(NativeMethodAccessorImpl.java:57)
	at sun.reflect.DelegatingMethodAccessorImpl.invoke(DelegatingMethodAccessorImpl.java:43)
	at java.lang.reflect.Method.invoke(Method.java:606)
	at org.testng.internal.MethodInvocationHelper.invokeMethod(MethodInvocationHelper.java:85)
	at org.testng.internal.Invoker.invokeConfigurationMethod(Invoker.java:510)
	at org.testng.internal.Invoker.invokeConfigurations(Invoker.java:211)
	at org.testng.internal.Invoker.invokeMethod(Invoker.java:585)
	at org.testng.internal.Invoker.invokeTestMethod(Invoker.java:816)
	at org.testng.internal.Invoker.invokeTestMethods(Invoker.java:1124)
	at org.testng.internal.TestMethodWorker.invokeTestMethods(TestMethodWorker.java:125)
	at org.testng.internal.TestMethodWorker.run(TestMethodWorker.java:108)
	at org.testng.TestRunner.privateRun(TestRunner.java:774)
	at org.testng.TestRunner.run(TestRunner.java:624)
	at org.testng.SuiteRunner.runTest(SuiteRunner.java:359)
	at org.testng.SuiteRunner.runSequentially(SuiteRunner.java:354)
	at org.testng.SuiteRunner.privateRun(SuiteRunner.java:312)
	at org.testng.SuiteRunner.run(SuiteRunner.java:261)
	at org.testng.SuiteRunnerWorker.runSuite(SuiteRunnerWorker.java:52)
	at org.testng.SuiteRunnerWorker.run(SuiteRunnerWorker.java:86)
	at org.testng.TestNG.runSuitesSequentially(TestNG.java:1215)
	at org.testng.TestNG.runSuitesLocally(TestNG.java:1140)
	at org.testng.TestNG.run(TestNG.java:1048)
	at org.testng.TestNG.privateMain(TestNG.java:1355)
	at org.testng.TestNG.main(TestNG.java:1324)
Caused by: org.openqa.selenium.WebDriverException: java.net.SocketException: Connection reset
Build info: version: '2.53.1', revision: 'a36b8b1', time: '2016-06-30 17:37:03'
System info: host: 'AMIT-PC', ip: '192.168.0.5', os.name: 'Windows 7', os.arch: 'x86', os.version: '6.1', java.version: '1.7.0_25'
Driver info: driver.version: RemoteWebDriver
	at org.openqa.selenium.remote.service.DriverCommandExecutor.execute(DriverCommandExecutor.java:91)
	at org.openqa.selenium.remote.RemoteWebDriver.execute(RemoteWebDriver.java:644)
	... 27 more
Caused by: java.net.SocketException: Connection reset
	at java.net.SocketInputStream.read(SocketInputStream.java:189)
	at java.net.SocketInputStream.read(SocketInputStream.java:121)
	at org.apache.http.impl.io.SessionInputBufferImpl.streamRead(SessionInputBufferImpl.java:139)
	at org.apache.http.impl.io.SessionInputBufferImpl.fillBuffer(SessionInputBufferImpl.java:155)
	at org.apache.http.impl.io.SessionInputBufferImpl.readLine(SessionInputBufferImpl.java:284)
	at org.apache.http.impl.conn.DefaultHttpResponseParser.parseHead(DefaultHttpResponseParser.java:140)
	at org.apache.http.impl.conn.DefaultHttpResponseParser.parseHead(DefaultHttpResponseParser.java:57)
	at org.apache.http.impl.io.AbstractMessageParser.parse(AbstractMessageParser.java:261)
	at org.apache.http.impl.DefaultBHttpClientConnection.receiveResponseHeader(DefaultBHttpClientConnection.java:165)
	at org.apache.http.impl.conn.CPoolProxy.receiveResponseHeader(CPoolProxy.java:167)
	at org.apache.http.protocol.HttpRequestExecutor.doReceiveResponse(HttpRequestExecutor.java:272)
	at org.apache.http.protocol.HttpRequestExecutor.execute(HttpRequestExecutor.java:124)
	at org.apache.http.impl.execchain.MainClientExec.execute(MainClientExec.java:271)
	at org.apache.http.impl.execchain.ProtocolExec.execute(ProtocolExec.java:184)
	at org.apache.http.impl.execchain.RetryExec.execute(RetryExec.java:88)
	at org.apache.http.impl.execchain.RedirectExec.execute(RedirectExec.java:110)
	at org.apache.http.impl.client.InternalHttpClient.doExecute(InternalHttpClient.java:184)
	at org.apache.http.impl.client.CloseableHttpClient.execute(CloseableHttpClient.java:71)
	at org.apache.http.impl.client.CloseableHttpClient.execute(CloseableHttpClient.java:55)
	at org.openqa.selenium.remote.internal.ApacheHttpClient.fallBackExecute(ApacheHttpClient.java:144)
	at org.openqa.selenium.remote.internal.ApacheHttpClient.execute(ApacheHttpClient.java:90)
	at org.openqa.selenium.remote.HttpCommandExecutor.execute(HttpCommandExecutor.java:142)
	at org.openqa.selenium.remote.service.DriverCommandExecutor.execute(DriverCommandExecutor.java:82)
	... 28 more
]]>
            </full-stacktrace>
          </exception> <!-- org.openqa.selenium.remote.UnreachableBrowserException -->
          <reporter-output>
          </reporter-output>
        </test-method> <!-- atStart -->
        <test-method status="SKIP" signature="atTestGoogle()[pri:0, instance:myPack1.TC01@7834eb]" name="atTestGoogle" duration-ms="0" started-at="2017-09-23T06:41:08Z" finished-at="2017-09-23T06:41:08Z">
          <reporter-output>
          </reporter-output>
        </test-method> <!-- atTestGoogle -->
        <test-method status="SKIP" signature="atAfter()[pri:0, instance:myPack1.TC01@7834eb]" name="atAfter" is-config="true" duration-ms="0" started-at="2017-09-23T06:41:08Z" finished-at="2017-09-23T06:41:08Z">
          <reporter-output>
          </reporter-output>
        </test-method> <!-- atAfter -->
      </class> <!-- myPack1.TC01 -->
    </test> <!-- Google Test -->
    <test name="Gmail Test" duration-ms="47829" started-at="2017-09-23T01:11:08Z" finished-at="2017-09-23T01:11:56Z">
      <class name="myPack1.TC02">
        <test-method status="FAIL" signature="atStart()[pri:0, instance:myPack1.TC02@15034e0]" name="atStart" is-config="true" duration-ms="0" started-at="2017-09-23T06:41:08Z" finished-at="2017-09-23T06:41:08Z">
          <exception class="org.openqa.selenium.WebDriverException">
            <message>
              <![CDATA[Failed to connect to binary FirefoxBinary(C:\Program Files\Mozilla Firefox\firefox.exe) on port 7055; process output follows: 
ype":null,"aboutURL":null,"icons":{"32":"icon.png","48":"icon.png"},"iconURL":null,"icon64URL":null,"defaultLocale":{"name":"Default","description":"The default theme.","creator":"Mozilla","homepageURL":null,"contributors":["Mozilla Contributors"]},"visible":true,"active":true,"userDisabled":false,"appDisabled":false,"descriptor":"C:\\Program Files\\Mozilla Firefox\\browser\\extensions\\{972ce4c6-7e08-4474-a285-3208198ce6fd}.xpi","installDate":1459872390313,"updateDate":1459872390313,"applyBackgroundUpdates":1,"skinnable":true,"size":22012,"sourceURI":null,"releaseNotesURI":null,"softDisabled":false,"foreignInstall":false,"hasBinaryComponents":false,"strictCompatibility":true,"locales":[],"targetApplications":[{"id":"{ec8030f7-c20a-464f-9b0e-13a3a9e97384}","minVersion":"45.0.1","maxVersion":"45.0.1"}],"targetPlatforms":[],"seen":true}
1506129075251	addons.xpi	DEBUG	getModTime: Recursive scan of {972ce4c6-7e08-4474-a285-3208198ce6fd}
1506129075252	addons.xpi	DEBUG	Updating XPIState for {"id":"{0153E448-190B-4987-BDE1-F256CADA672F}","syncGUID":"PBrmPHq9uQqm","location":"winreg-app-global","version":"15.0.6","type":"extension","internalName":null,"updateURL":null,"updateKey":null,"optionsURL":null,"optionsType":null,"aboutURL":null,"icons":{},"iconURL":"chrome://browserrecord/skin/rp_logo.png","icon64URL":null,"defaultLocale":{"name":"RealPlayer Browser Record Plugin","description":"Detects all recordable content on the browser","creator":"Real Networks, Inc.","homepageURL":"http://www.real.com"},"visible":true,"active":false,"userDisabled":true,"appDisabled":false,"descriptor":"C:\\ProgramData\\Real\\RealPlayer\\BrowserRecordPlugin\\Firefox\\Ext","installDate":1500239465017,"updateDate":1500239465017,"applyBackgroundUpdates":1,"bootstrap":false,"skinnable":false,"size":84573,"sourceURI":null,"releaseNotesURI":null,"softDisabled":false,"foreignInstall":true,"hasBinaryComponents":true,"strictCompatibility":false,"locales":[],"targetApplications":[{"id":"{ec8030f7-c20a-464f-9b0e-13a3a9e97384}","minVersion":"1.5","maxVersion":"99.*"}],"targetPlatforms":[],"multiprocessCompatible":false,"signedState":0,"seen":true}
1506129075253	DeferredSave.extensions.json	DEBUG	Save changes
1506129075254	addons.xpi	DEBUG	Updating database with changes to installed add-ons
1506129075254	addons.xpi-utils	DEBUG	Updating add-on states
1506129075256	addons.xpi-utils	DEBUG	Writing add-ons list
1506129075262	addons.xpi	DEBUG	Registering manifest for C:\Program Files\Mozilla Firefox\browser\features\loop@mozilla.org.xpi
1506129075264	addons.xpi	DEBUG	Calling bootstrap method startup on loop@mozilla.org version 0.1
1506129075298	addons.manager	DEBUG	Starting provider: <unnamed-provider>
1506129075299	addons.manager	DEBUG	Registering shutdown blocker for <unnamed-provider>
1506129075299	addons.manager	DEBUG	Provider finished startup: <unnamed-provider>
1506129075318	addons.xpi	DEBUG	Registering manifest for C:\Program Files\Mozilla Firefox\browser\extensions\{82AF8DCA-6DE9-405D-BD5E-43525BDAD38A}.xpi
1506129075319	addons.xpi	DEBUG	Calling bootstrap method startup on {82AF8DCA-6DE9-405D-BD5E-43525BDAD38A} version 8.0.0.9103
1506129075419	addons.manager	DEBUG	Registering shutdown blocker for XPIProvider
1506129075420	addons.manager	DEBUG	Provider finished startup: XPIProvider
1506129075420	addons.manager	DEBUG	Starting provider: LightweightThemeManager
1506129075420	addons.manager	DEBUG	Registering shutdown blocker for LightweightThemeManager
1506129075420	addons.manager	DEBUG	Provider finished startup: LightweightThemeManager
1506129075421	addons.manager	DEBUG	Starting provider: GMPProvider
1506129075429	addons.manager	DEBUG	Registering shutdown blocker for GMPProvider
1506129075429	addons.manager	DEBUG	Provider finished startup: GMPProvider
1506129075429	addons.manager	DEBUG	Starting provider: PluginProvider
1506129075429	addons.manager	DEBUG	Registering shutdown blocker for PluginProvider
1506129075430	addons.manager	DEBUG	Provider finished startup: PluginProvider
1506129075430	addons.manager	DEBUG	Completed startup sequence

Build info: version: '2.53.1', revision: 'a36b8b1', time: '2016-06-30 17:37:03'
System info: host: 'AMIT-PC', ip: '192.168.0.5', os.name: 'Windows 7', os.arch: 'x86', os.version: '6.1', java.version: '1.7.0_25'
Driver info: driver.version: FirefoxDriver]]>
            </message>
            <full-stacktrace>
              <![CDATA[org.openqa.selenium.WebDriverException: Failed to connect to binary FirefoxBinary(C:\Program Files\Mozilla Firefox\firefox.exe) on port 7055; process output follows: 
ype":null,"aboutURL":null,"icons":{"32":"icon.png","48":"icon.png"},"iconURL":null,"icon64URL":null,"defaultLocale":{"name":"Default","description":"The default theme.","creator":"Mozilla","homepageURL":null,"contributors":["Mozilla Contributors"]},"visible":true,"active":true,"userDisabled":false,"appDisabled":false,"descriptor":"C:\\Program Files\\Mozilla Firefox\\browser\\extensions\\{972ce4c6-7e08-4474-a285-3208198ce6fd}.xpi","installDate":1459872390313,"updateDate":1459872390313,"applyBackgroundUpdates":1,"skinnable":true,"size":22012,"sourceURI":null,"releaseNotesURI":null,"softDisabled":false,"foreignInstall":false,"hasBinaryComponents":false,"strictCompatibility":true,"locales":[],"targetApplications":[{"id":"{ec8030f7-c20a-464f-9b0e-13a3a9e97384}","minVersion":"45.0.1","maxVersion":"45.0.1"}],"targetPlatforms":[],"seen":true}
1506129075251	addons.xpi	DEBUG	getModTime: Recursive scan of {972ce4c6-7e08-4474-a285-3208198ce6fd}
1506129075252	addons.xpi	DEBUG	Updating XPIState for {"id":"{0153E448-190B-4987-BDE1-F256CADA672F}","syncGUID":"PBrmPHq9uQqm","location":"winreg-app-global","version":"15.0.6","type":"extension","internalName":null,"updateURL":null,"updateKey":null,"optionsURL":null,"optionsType":null,"aboutURL":null,"icons":{},"iconURL":"chrome://browserrecord/skin/rp_logo.png","icon64URL":null,"defaultLocale":{"name":"RealPlayer Browser Record Plugin","description":"Detects all recordable content on the browser","creator":"Real Networks, Inc.","homepageURL":"http://www.real.com"},"visible":true,"active":false,"userDisabled":true,"appDisabled":false,"descriptor":"C:\\ProgramData\\Real\\RealPlayer\\BrowserRecordPlugin\\Firefox\\Ext","installDate":1500239465017,"updateDate":1500239465017,"applyBackgroundUpdates":1,"bootstrap":false,"skinnable":false,"size":84573,"sourceURI":null,"releaseNotesURI":null,"softDisabled":false,"foreignInstall":true,"hasBinaryComponents":true,"strictCompatibility":false,"locales":[],"targetApplications":[{"id":"{ec8030f7-c20a-464f-9b0e-13a3a9e97384}","minVersion":"1.5","maxVersion":"99.*"}],"targetPlatforms":[],"multiprocessCompatible":false,"signedState":0,"seen":true}
1506129075253	DeferredSave.extensions.json	DEBUG	Save changes
1506129075254	addons.xpi	DEBUG	Updating database with changes to installed add-ons
1506129075254	addons.xpi-utils	DEBUG	Updating add-on states
1506129075256	addons.xpi-utils	DEBUG	Writing add-ons list
1506129075262	addons.xpi	DEBUG	Registering manifest for C:\Program Files\Mozilla Firefox\browser\features\loop@mozilla.org.xpi
1506129075264	addons.xpi	DEBUG	Calling bootstrap method startup on loop@mozilla.org version 0.1
1506129075298	addons.manager	DEBUG	Starting provider: <unnamed-provider>
1506129075299	addons.manager	DEBUG	Registering shutdown blocker for <unnamed-provider>
1506129075299	addons.manager	DEBUG	Provider finished startup: <unnamed-provider>
1506129075318	addons.xpi	DEBUG	Registering manifest for C:\Program Files\Mozilla Firefox\browser\extensions\{82AF8DCA-6DE9-405D-BD5E-43525BDAD38A}.xpi
1506129075319	addons.xpi	DEBUG	Calling bootstrap method startup on {82AF8DCA-6DE9-405D-BD5E-43525BDAD38A} version 8.0.0.9103
1506129075419	addons.manager	DEBUG	Registering shutdown blocker for XPIProvider
1506129075420	addons.manager	DEBUG	Provider finished startup: XPIProvider
1506129075420	addons.manager	DEBUG	Starting provider: LightweightThemeManager
1506129075420	addons.manager	DEBUG	Registering shutdown blocker for LightweightThemeManager
1506129075420	addons.manager	DEBUG	Provider finished startup: LightweightThemeManager
1506129075421	addons.manager	DEBUG	Starting provider: GMPProvider
1506129075429	addons.manager	DEBUG	Registering shutdown blocker for GMPProvider
1506129075429	addons.manager	DEBUG	Provider finished startup: GMPProvider
1506129075429	addons.manager	DEBUG	Starting provider: PluginProvider
1506129075429	addons.manager	DEBUG	Registering shutdown blocker for PluginProvider
1506129075430	addons.manager	DEBUG	Provider finished startup: PluginProvider
1506129075430	addons.manager	DEBUG	Completed startup sequence

Build info: version: '2.53.1', revision: 'a36b8b1', time: '2016-06-30 17:37:03'
System info: host: 'AMIT-PC', ip: '192.168.0.5', os.name: 'Windows 7', os.arch: 'x86', os.version: '6.1', java.version: '1.7.0_25'
Driver info: driver.version: FirefoxDriver
	at org.openqa.selenium.firefox.internal.NewProfileExtensionConnection.start(NewProfileExtensionConnection.java:124)
	at org.openqa.selenium.firefox.FirefoxDriver.startClient(FirefoxDriver.java:271)
	at org.openqa.selenium.remote.RemoteWebDriver.<init>(RemoteWebDriver.java:119)
	at org.openqa.selenium.firefox.FirefoxDriver.<init>(FirefoxDriver.java:218)
	at org.openqa.selenium.firefox.FirefoxDriver.<init>(FirefoxDriver.java:211)
	at org.openqa.selenium.firefox.FirefoxDriver.<init>(FirefoxDriver.java:207)
	at org.openqa.selenium.firefox.FirefoxDriver.<init>(FirefoxDriver.java:120)
	at myPack1.TC02.atStart(Unknown Source)
	at sun.reflect.NativeMethodAccessorImpl.invoke0(Native Method)
	at sun.reflect.NativeMethodAccessorImpl.invoke(NativeMethodAccessorImpl.java:57)
	at sun.reflect.DelegatingMethodAccessorImpl.invoke(DelegatingMethodAccessorImpl.java:43)
	at java.lang.reflect.Method.invoke(Method.java:606)
	at org.testng.internal.MethodInvocationHelper.invokeMethod(MethodInvocationHelper.java:85)
	at org.testng.internal.Invoker.invokeConfigurationMethod(Invoker.java:510)
	at org.testng.internal.Invoker.invokeConfigurations(Invoker.java:211)
	at org.testng.internal.Invoker.invokeMethod(Invoker.java:585)
	at org.testng.internal.Invoker.invokeTestMethod(Invoker.java:816)
	at org.testng.internal.Invoker.invokeTestMethods(Invoker.java:1124)
	at org.testng.internal.TestMethodWorker.invokeTestMethods(TestMethodWorker.java:125)
	at org.testng.internal.TestMethodWorker.run(TestMethodWorker.java:108)
	at org.testng.TestRunner.privateRun(TestRunner.java:774)
	at org.testng.TestRunner.run(TestRunner.java:624)
	at org.testng.SuiteRunner.runTest(SuiteRunner.java:359)
	at org.testng.SuiteRunner.runSequentially(SuiteRunner.java:354)
	at org.testng.SuiteRunner.privateRun(SuiteRunner.java:312)
	at org.testng.SuiteRunner.run(SuiteRunner.java:261)
	at org.testng.SuiteRunnerWorker.runSuite(SuiteRunnerWorker.java:52)
	at org.testng.SuiteRunnerWorker.run(SuiteRunnerWorker.java:86)
	at org.testng.TestNG.runSuitesSequentially(TestNG.java:1215)
	at org.testng.TestNG.runSuitesLocally(TestNG.java:1140)
	at org.testng.TestNG.run(TestNG.java:1048)
	at org.testng.TestNG.privateMain(TestNG.java:1355)
	at org.testng.TestNG.main(TestNG.java:1324)
Caused by: org.openqa.selenium.firefox.NotConnectedException: Unable to connect to host 127.0.0.1 on port 7055 after 45000 ms. Firefox console output:
ype":null,"aboutURL":null,"icons":{"32":"icon.png","48":"icon.png"},"iconURL":null,"icon64URL":null,"defaultLocale":{"name":"Default","description":"The default theme.","creator":"Mozilla","homepageURL":null,"contributors":["Mozilla Contributors"]},"visible":true,"active":true,"userDisabled":false,"appDisabled":false,"descriptor":"C:\\Program Files\\Mozilla Firefox\\browser\\extensions\\{972ce4c6-7e08-4474-a285-3208198ce6fd}.xpi","installDate":1459872390313,"updateDate":1459872390313,"applyBackgroundUpdates":1,"skinnable":true,"size":22012,"sourceURI":null,"releaseNotesURI":null,"softDisabled":false,"foreignInstall":false,"hasBinaryComponents":false,"strictCompatibility":true,"locales":[],"targetApplications":[{"id":"{ec8030f7-c20a-464f-9b0e-13a3a9e97384}","minVersion":"45.0.1","maxVersion":"45.0.1"}],"targetPlatforms":[],"seen":true}
1506129075251	addons.xpi	DEBUG	getModTime: Recursive scan of {972ce4c6-7e08-4474-a285-3208198ce6fd}
1506129075252	addons.xpi	DEBUG	Updating XPIState for {"id":"{0153E448-190B-4987-BDE1-F256CADA672F}","syncGUID":"PBrmPHq9uQqm","location":"winreg-app-global","version":"15.0.6","type":"extension","internalName":null,"updateURL":null,"updateKey":null,"optionsURL":null,"optionsType":null,"aboutURL":null,"icons":{},"iconURL":"chrome://browserrecord/skin/rp_logo.png","icon64URL":null,"defaultLocale":{"name":"RealPlayer Browser Record Plugin","description":"Detects all recordable content on the browser","creator":"Real Networks, Inc.","homepageURL":"http://www.real.com"},"visible":true,"active":false,"userDisabled":true,"appDisabled":false,"descriptor":"C:\\ProgramData\\Real\\RealPlayer\\BrowserRecordPlugin\\Firefox\\Ext","installDate":1500239465017,"updateDate":1500239465017,"applyBackgroundUpdates":1,"bootstrap":false,"skinnable":false,"size":84573,"sourceURI":null,"releaseNotesURI":null,"softDisabled":false,"foreignInstall":true,"hasBinaryComponents":true,"strictCompatibility":false,"locales":[],"targetApplications":[{"id":"{ec8030f7-c20a-464f-9b0e-13a3a9e97384}","minVersion":"1.5","maxVersion":"99.*"}],"targetPlatforms":[],"multiprocessCompatible":false,"signedState":0,"seen":true}
1506129075253	DeferredSave.extensions.json	DEBUG	Save changes
1506129075254	addons.xpi	DEBUG	Updating database with changes to installed add-ons
1506129075254	addons.xpi-utils	DEBUG	Updating add-on states
1506129075256	addons.xpi-utils	DEBUG	Writing add-ons list
1506129075262	addons.xpi	DEBUG	Registering manifest for C:\Program Files\Mozilla Firefox\browser\features\loop@mozilla.org.xpi
1506129075264	addons.xpi	DEBUG	Calling bootstrap method startup on loop@mozilla.org version 0.1
1506129075298	addons.manager	DEBUG	Starting provider: <unnamed-provider>
1506129075299	addons.manager	DEBUG	Registering shutdown blocker for <unnamed-provider>
1506129075299	addons.manager	DEBUG	Provider finished startup: <unnamed-provider>
1506129075318	addons.xpi	DEBUG	Registering manifest for C:\Program Files\Mozilla Firefox\browser\extensions\{82AF8DCA-6DE9-405D-BD5E-43525BDAD38A}.xpi
1506129075319	addons.xpi	DEBUG	Calling bootstrap method startup on {82AF8DCA-6DE9-405D-BD5E-43525BDAD38A} version 8.0.0.9103
1506129075419	addons.manager	DEBUG	Registering shutdown blocker for XPIProvider
1506129075420	addons.manager	DEBUG	Provider finished startup: XPIProvider
1506129075420	addons.manager	DEBUG	Starting provider: LightweightThemeManager
1506129075420	addons.manager	DEBUG	Registering shutdown blocker for LightweightThemeManager
1506129075420	addons.manager	DEBUG	Provider finished startup: LightweightThemeManager
1506129075421	addons.manager	DEBUG	Starting provider: GMPProvider
1506129075429	addons.manager	DEBUG	Registering shutdown blocker for GMPProvider
1506129075429	addons.manager	DEBUG	Provider finished startup: GMPProvider
1506129075429	addons.manager	DEBUG	Starting provider: PluginProvider
1506129075429	addons.manager	DEBUG	Registering shutdown blocker for PluginProvider
1506129075430	addons.manager	DEBUG	Provider finished startup: PluginProvider
1506129075430	addons.manager	DEBUG	Completed startup sequence

	at org.openqa.selenium.firefox.internal.NewProfileExtensionConnection.start(NewProfileExtensionConnection.java:112)
	... 32 more
]]>
            </full-stacktrace>
          </exception> <!-- org.openqa.selenium.WebDriverException -->
          <reporter-output>
          </reporter-output>
        </test-method> <!-- atStart -->
        <test-method status="SKIP" signature="atTestGmail()[pri:0, instance:myPack1.TC02@15034e0]" name="atTestGmail" duration-ms="1" started-at="2017-09-23T06:41:56Z" finished-at="2017-09-23T06:41:56Z">
          <reporter-output>
          </reporter-output>
        </test-method> <!-- atTestGmail -->
        <test-method status="SKIP" signature="atAfter()[pri:0, instance:myPack1.TC02@15034e0]" name="atAfter" is-config="true" duration-ms="0" started-at="2017-09-23T06:41:56Z" finished-at="2017-09-23T06:41:56Z">
          <reporter-output>
          </reporter-output>
        </test-method> <!-- atAfter -->
      </class> <!-- myPack1.TC02 -->
    </test> <!-- Gmail Test -->
    <test name="Cricinfo Test" duration-ms="45779" started-at="2017-09-23T01:11:56Z" finished-at="2017-09-23T01:12:42Z">
      <class name="myPack1.TC03">
        <test-method status="FAIL" signature="atStart()[pri:0, instance:myPack1.TC03@1cd9e66]" name="atStart" is-config="true" duration-ms="0" started-at="2017-09-23T06:41:56Z" finished-at="2017-09-23T06:41:56Z">
          <exception class="org.openqa.selenium.WebDriverException">
            <message>
              <![CDATA[Failed to connect to binary FirefoxBinary(C:\Program Files\Mozilla Firefox\firefox.exe) on port 7055; process output follows: 
ype":null,"aboutURL":null,"icons":{"32":"icon.png","48":"icon.png"},"iconURL":null,"icon64URL":null,"defaultLocale":{"name":"Default","description":"The default theme.","creator":"Mozilla","homepageURL":null,"contributors":["Mozilla Contributors"]},"visible":true,"active":true,"userDisabled":false,"appDisabled":false,"descriptor":"C:\\Program Files\\Mozilla Firefox\\browser\\extensions\\{972ce4c6-7e08-4474-a285-3208198ce6fd}.xpi","installDate":1459872390313,"updateDate":1459872390313,"applyBackgroundUpdates":1,"skinnable":true,"size":22012,"sourceURI":null,"releaseNotesURI":null,"softDisabled":false,"foreignInstall":false,"hasBinaryComponents":false,"strictCompatibility":true,"locales":[],"targetApplications":[{"id":"{ec8030f7-c20a-464f-9b0e-13a3a9e97384}","minVersion":"45.0.1","maxVersion":"45.0.1"}],"targetPlatforms":[],"seen":true}
1506129118470	addons.xpi	DEBUG	getModTime: Recursive scan of {972ce4c6-7e08-4474-a285-3208198ce6fd}
1506129118471	addons.xpi	DEBUG	Updating XPIState for {"id":"{0153E448-190B-4987-BDE1-F256CADA672F}","syncGUID":"84URaPNm135j","location":"winreg-app-global","version":"15.0.6","type":"extension","internalName":null,"updateURL":null,"updateKey":null,"optionsURL":null,"optionsType":null,"aboutURL":null,"icons":{},"iconURL":"chrome://browserrecord/skin/rp_logo.png","icon64URL":null,"defaultLocale":{"name":"RealPlayer Browser Record Plugin","description":"Detects all recordable content on the browser","creator":"Real Networks, Inc.","homepageURL":"http://www.real.com"},"visible":true,"active":false,"userDisabled":true,"appDisabled":false,"descriptor":"C:\\ProgramData\\Real\\RealPlayer\\BrowserRecordPlugin\\Firefox\\Ext","installDate":1500239465017,"updateDate":1500239465017,"applyBackgroundUpdates":1,"bootstrap":false,"skinnable":false,"size":84573,"sourceURI":null,"releaseNotesURI":null,"softDisabled":false,"foreignInstall":true,"hasBinaryComponents":true,"strictCompatibility":false,"locales":[],"targetApplications":[{"id":"{ec8030f7-c20a-464f-9b0e-13a3a9e97384}","minVersion":"1.5","maxVersion":"99.*"}],"targetPlatforms":[],"multiprocessCompatible":false,"signedState":0,"seen":true}
1506129118472	DeferredSave.extensions.json	DEBUG	Save changes
1506129118473	addons.xpi	DEBUG	Updating database with changes to installed add-ons
1506129118473	addons.xpi-utils	DEBUG	Updating add-on states
1506129118474	addons.xpi-utils	DEBUG	Writing add-ons list
1506129118480	addons.xpi	DEBUG	Registering manifest for C:\Program Files\Mozilla Firefox\browser\features\loop@mozilla.org.xpi
1506129118482	addons.xpi	DEBUG	Calling bootstrap method startup on loop@mozilla.org version 0.1
1506129118513	addons.manager	DEBUG	Starting provider: <unnamed-provider>
1506129118513	addons.manager	DEBUG	Registering shutdown blocker for <unnamed-provider>
1506129118513	addons.manager	DEBUG	Provider finished startup: <unnamed-provider>
1506129118530	addons.xpi	DEBUG	Registering manifest for C:\Program Files\Mozilla Firefox\browser\extensions\{82AF8DCA-6DE9-405D-BD5E-43525BDAD38A}.xpi
1506129118531	addons.xpi	DEBUG	Calling bootstrap method startup on {82AF8DCA-6DE9-405D-BD5E-43525BDAD38A} version 8.0.0.9103
1506129118626	addons.manager	DEBUG	Registering shutdown blocker for XPIProvider
1506129118626	addons.manager	DEBUG	Provider finished startup: XPIProvider
1506129118626	addons.manager	DEBUG	Starting provider: LightweightThemeManager
1506129118626	addons.manager	DEBUG	Registering shutdown blocker for LightweightThemeManager
1506129118627	addons.manager	DEBUG	Provider finished startup: LightweightThemeManager
1506129118627	addons.manager	DEBUG	Starting provider: GMPProvider
1506129118636	addons.manager	DEBUG	Registering shutdown blocker for GMPProvider
1506129118636	addons.manager	DEBUG	Provider finished startup: GMPProvider
1506129118636	addons.manager	DEBUG	Starting provider: PluginProvider
1506129118636	addons.manager	DEBUG	Registering shutdown blocker for PluginProvider
1506129118637	addons.manager	DEBUG	Provider finished startup: PluginProvider
1506129118637	addons.manager	DEBUG	Completed startup sequence

Build info: version: '2.53.1', revision: 'a36b8b1', time: '2016-06-30 17:37:03'
System info: host: 'AMIT-PC', ip: '192.168.0.5', os.name: 'Windows 7', os.arch: 'x86', os.version: '6.1', java.version: '1.7.0_25'
Driver info: driver.version: FirefoxDriver]]>
            </message>
            <full-stacktrace>
              <![CDATA[org.openqa.selenium.WebDriverException: Failed to connect to binary FirefoxBinary(C:\Program Files\Mozilla Firefox\firefox.exe) on port 7055; process output follows: 
ype":null,"aboutURL":null,"icons":{"32":"icon.png","48":"icon.png"},"iconURL":null,"icon64URL":null,"defaultLocale":{"name":"Default","description":"The default theme.","creator":"Mozilla","homepageURL":null,"contributors":["Mozilla Contributors"]},"visible":true,"active":true,"userDisabled":false,"appDisabled":false,"descriptor":"C:\\Program Files\\Mozilla Firefox\\browser\\extensions\\{972ce4c6-7e08-4474-a285-3208198ce6fd}.xpi","installDate":1459872390313,"updateDate":1459872390313,"applyBackgroundUpdates":1,"skinnable":true,"size":22012,"sourceURI":null,"releaseNotesURI":null,"softDisabled":false,"foreignInstall":false,"hasBinaryComponents":false,"strictCompatibility":true,"locales":[],"targetApplications":[{"id":"{ec8030f7-c20a-464f-9b0e-13a3a9e97384}","minVersion":"45.0.1","maxVersion":"45.0.1"}],"targetPlatforms":[],"seen":true}
1506129118470	addons.xpi	DEBUG	getModTime: Recursive scan of {972ce4c6-7e08-4474-a285-3208198ce6fd}
1506129118471	addons.xpi	DEBUG	Updating XPIState for {"id":"{0153E448-190B-4987-BDE1-F256CADA672F}","syncGUID":"84URaPNm135j","location":"winreg-app-global","version":"15.0.6","type":"extension","internalName":null,"updateURL":null,"updateKey":null,"optionsURL":null,"optionsType":null,"aboutURL":null,"icons":{},"iconURL":"chrome://browserrecord/skin/rp_logo.png","icon64URL":null,"defaultLocale":{"name":"RealPlayer Browser Record Plugin","description":"Detects all recordable content on the browser","creator":"Real Networks, Inc.","homepageURL":"http://www.real.com"},"visible":true,"active":false,"userDisabled":true,"appDisabled":false,"descriptor":"C:\\ProgramData\\Real\\RealPlayer\\BrowserRecordPlugin\\Firefox\\Ext","installDate":1500239465017,"updateDate":1500239465017,"applyBackgroundUpdates":1,"bootstrap":false,"skinnable":false,"size":84573,"sourceURI":null,"releaseNotesURI":null,"softDisabled":false,"foreignInstall":true,"hasBinaryComponents":true,"strictCompatibility":false,"locales":[],"targetApplications":[{"id":"{ec8030f7-c20a-464f-9b0e-13a3a9e97384}","minVersion":"1.5","maxVersion":"99.*"}],"targetPlatforms":[],"multiprocessCompatible":false,"signedState":0,"seen":true}
1506129118472	DeferredSave.extensions.json	DEBUG	Save changes
1506129118473	addons.xpi	DEBUG	Updating database with changes to installed add-ons
1506129118473	addons.xpi-utils	DEBUG	Updating add-on states
1506129118474	addons.xpi-utils	DEBUG	Writing add-ons list
1506129118480	addons.xpi	DEBUG	Registering manifest for C:\Program Files\Mozilla Firefox\browser\features\loop@mozilla.org.xpi
1506129118482	addons.xpi	DEBUG	Calling bootstrap method startup on loop@mozilla.org version 0.1
1506129118513	addons.manager	DEBUG	Starting provider: <unnamed-provider>
1506129118513	addons.manager	DEBUG	Registering shutdown blocker for <unnamed-provider>
1506129118513	addons.manager	DEBUG	Provider finished startup: <unnamed-provider>
1506129118530	addons.xpi	DEBUG	Registering manifest for C:\Program Files\Mozilla Firefox\browser\extensions\{82AF8DCA-6DE9-405D-BD5E-43525BDAD38A}.xpi
1506129118531	addons.xpi	DEBUG	Calling bootstrap method startup on {82AF8DCA-6DE9-405D-BD5E-43525BDAD38A} version 8.0.0.9103
1506129118626	addons.manager	DEBUG	Registering shutdown blocker for XPIProvider
1506129118626	addons.manager	DEBUG	Provider finished startup: XPIProvider
1506129118626	addons.manager	DEBUG	Starting provider: LightweightThemeManager
1506129118626	addons.manager	DEBUG	Registering shutdown blocker for LightweightThemeManager
1506129118627	addons.manager	DEBUG	Provider finished startup: LightweightThemeManager
1506129118627	addons.manager	DEBUG	Starting provider: GMPProvider
1506129118636	addons.manager	DEBUG	Registering shutdown blocker for GMPProvider
1506129118636	addons.manager	DEBUG	Provider finished startup: GMPProvider
1506129118636	addons.manager	DEBUG	Starting provider: PluginProvider
1506129118636	addons.manager	DEBUG	Registering shutdown blocker for PluginProvider
1506129118637	addons.manager	DEBUG	Provider finished startup: PluginProvider
1506129118637	addons.manager	DEBUG	Completed startup sequence

Build info: version: '2.53.1', revision: 'a36b8b1', time: '2016-06-30 17:37:03'
System info: host: 'AMIT-PC', ip: '192.168.0.5', os.name: 'Windows 7', os.arch: 'x86', os.version: '6.1', java.version: '1.7.0_25'
Driver info: driver.version: FirefoxDriver
	at org.openqa.selenium.firefox.internal.NewProfileExtensionConnection.start(NewProfileExtensionConnection.java:124)
	at org.openqa.selenium.firefox.FirefoxDriver.startClient(FirefoxDriver.java:271)
	at org.openqa.selenium.remote.RemoteWebDriver.<init>(RemoteWebDriver.java:119)
	at org.openqa.selenium.firefox.FirefoxDriver.<init>(FirefoxDriver.java:218)
	at org.openqa.selenium.firefox.FirefoxDriver.<init>(FirefoxDriver.java:211)
	at org.openqa.selenium.firefox.FirefoxDriver.<init>(FirefoxDriver.java:207)
	at org.openqa.selenium.firefox.FirefoxDriver.<init>(FirefoxDriver.java:120)
	at myPack1.TC03.atStart(Unknown Source)
	at sun.reflect.NativeMethodAccessorImpl.invoke0(Native Method)
	at sun.reflect.NativeMethodAccessorImpl.invoke(NativeMethodAccessorImpl.java:57)
	at sun.reflect.DelegatingMethodAccessorImpl.invoke(DelegatingMethodAccessorImpl.java:43)
	at java.lang.reflect.Method.invoke(Method.java:606)
	at org.testng.internal.MethodInvocationHelper.invokeMethod(MethodInvocationHelper.java:85)
	at org.testng.internal.Invoker.invokeConfigurationMethod(Invoker.java:510)
	at org.testng.internal.Invoker.invokeConfigurations(Invoker.java:211)
	at org.testng.internal.Invoker.invokeMethod(Invoker.java:585)
	at org.testng.internal.Invoker.invokeTestMethod(Invoker.java:816)
	at org.testng.internal.Invoker.invokeTestMethods(Invoker.java:1124)
	at org.testng.internal.TestMethodWorker.invokeTestMethods(TestMethodWorker.java:125)
	at org.testng.internal.TestMethodWorker.run(TestMethodWorker.java:108)
	at org.testng.TestRunner.privateRun(TestRunner.java:774)
	at org.testng.TestRunner.run(TestRunner.java:624)
	at org.testng.SuiteRunner.runTest(SuiteRunner.java:359)
	at org.testng.SuiteRunner.runSequentially(SuiteRunner.java:354)
	at org.testng.SuiteRunner.privateRun(SuiteRunner.java:312)
	at org.testng.SuiteRunner.run(SuiteRunner.java:261)
	at org.testng.SuiteRunnerWorker.runSuite(SuiteRunnerWorker.java:52)
	at org.testng.SuiteRunnerWorker.run(SuiteRunnerWorker.java:86)
	at org.testng.TestNG.runSuitesSequentially(TestNG.java:1215)
	at org.testng.TestNG.runSuitesLocally(TestNG.java:1140)
	at org.testng.TestNG.run(TestNG.java:1048)
	at org.testng.TestNG.privateMain(TestNG.java:1355)
	at org.testng.TestNG.main(TestNG.java:1324)
Caused by: org.openqa.selenium.firefox.NotConnectedException: Unable to connect to host 127.0.0.1 on port 7055 after 45000 ms. Firefox console output:
ype":null,"aboutURL":null,"icons":{"32":"icon.png","48":"icon.png"},"iconURL":null,"icon64URL":null,"defaultLocale":{"name":"Default","description":"The default theme.","creator":"Mozilla","homepageURL":null,"contributors":["Mozilla Contributors"]},"visible":true,"active":true,"userDisabled":false,"appDisabled":false,"descriptor":"C:\\Program Files\\Mozilla Firefox\\browser\\extensions\\{972ce4c6-7e08-4474-a285-3208198ce6fd}.xpi","installDate":1459872390313,"updateDate":1459872390313,"applyBackgroundUpdates":1,"skinnable":true,"size":22012,"sourceURI":null,"releaseNotesURI":null,"softDisabled":false,"foreignInstall":false,"hasBinaryComponents":false,"strictCompatibility":true,"locales":[],"targetApplications":[{"id":"{ec8030f7-c20a-464f-9b0e-13a3a9e97384}","minVersion":"45.0.1","maxVersion":"45.0.1"}],"targetPlatforms":[],"seen":true}
1506129118470	addons.xpi	DEBUG	getModTime: Recursive scan of {972ce4c6-7e08-4474-a285-3208198ce6fd}
1506129118471	addons.xpi	DEBUG	Updating XPIState for {"id":"{0153E448-190B-4987-BDE1-F256CADA672F}","syncGUID":"84URaPNm135j","location":"winreg-app-global","version":"15.0.6","type":"extension","internalName":null,"updateURL":null,"updateKey":null,"optionsURL":null,"optionsType":null,"aboutURL":null,"icons":{},"iconURL":"chrome://browserrecord/skin/rp_logo.png","icon64URL":null,"defaultLocale":{"name":"RealPlayer Browser Record Plugin","description":"Detects all recordable content on the browser","creator":"Real Networks, Inc.","homepageURL":"http://www.real.com"},"visible":true,"active":false,"userDisabled":true,"appDisabled":false,"descriptor":"C:\\ProgramData\\Real\\RealPlayer\\BrowserRecordPlugin\\Firefox\\Ext","installDate":1500239465017,"updateDate":1500239465017,"applyBackgroundUpdates":1,"bootstrap":false,"skinnable":false,"size":84573,"sourceURI":null,"releaseNotesURI":null,"softDisabled":false,"foreignInstall":true,"hasBinaryComponents":true,"strictCompatibility":false,"locales":[],"targetApplications":[{"id":"{ec8030f7-c20a-464f-9b0e-13a3a9e97384}","minVersion":"1.5","maxVersion":"99.*"}],"targetPlatforms":[],"multiprocessCompatible":false,"signedState":0,"seen":true}
1506129118472	DeferredSave.extensions.json	DEBUG	Save changes
1506129118473	addons.xpi	DEBUG	Updating database with changes to installed add-ons
1506129118473	addons.xpi-utils	DEBUG	Updating add-on states
1506129118474	addons.xpi-utils	DEBUG	Writing add-ons list
1506129118480	addons.xpi	DEBUG	Registering manifest for C:\Program Files\Mozilla Firefox\browser\features\loop@mozilla.org.xpi
1506129118482	addons.xpi	DEBUG	Calling bootstrap method startup on loop@mozilla.org version 0.1
1506129118513	addons.manager	DEBUG	Starting provider: <unnamed-provider>
1506129118513	addons.manager	DEBUG	Registering shutdown blocker for <unnamed-provider>
1506129118513	addons.manager	DEBUG	Provider finished startup: <unnamed-provider>
1506129118530	addons.xpi	DEBUG	Registering manifest for C:\Program Files\Mozilla Firefox\browser\extensions\{82AF8DCA-6DE9-405D-BD5E-43525BDAD38A}.xpi
1506129118531	addons.xpi	DEBUG	Calling bootstrap method startup on {82AF8DCA-6DE9-405D-BD5E-43525BDAD38A} version 8.0.0.9103
1506129118626	addons.manager	DEBUG	Registering shutdown blocker for XPIProvider
1506129118626	addons.manager	DEBUG	Provider finished startup: XPIProvider
1506129118626	addons.manager	DEBUG	Starting provider: LightweightThemeManager
1506129118626	addons.manager	DEBUG	Registering shutdown blocker for LightweightThemeManager
1506129118627	addons.manager	DEBUG	Provider finished startup: LightweightThemeManager
1506129118627	addons.manager	DEBUG	Starting provider: GMPProvider
1506129118636	addons.manager	DEBUG	Registering shutdown blocker for GMPProvider
1506129118636	addons.manager	DEBUG	Provider finished startup: GMPProvider
1506129118636	addons.manager	DEBUG	Starting provider: PluginProvider
1506129118636	addons.manager	DEBUG	Registering shutdown blocker for PluginProvider
1506129118637	addons.manager	DEBUG	Provider finished startup: PluginProvider
1506129118637	addons.manager	DEBUG	Completed startup sequence

	at org.openqa.selenium.firefox.internal.NewProfileExtensionConnection.start(NewProfileExtensionConnection.java:112)
	... 32 more
]]>
            </full-stacktrace>
          </exception> <!-- org.openqa.selenium.WebDriverException -->
          <reporter-output>
          </reporter-output>
        </test-method> <!-- atStart -->
        <test-method status="SKIP" signature="atTestCricinfo()[pri:0, instance:myPack1.TC03@1cd9e66]" name="atTestCricinfo" duration-ms="0" started-at="2017-09-23T06:42:42Z" finished-at="2017-09-23T06:42:42Z">
          <reporter-output>
          </reporter-output>
        </test-method> <!-- atTestCricinfo -->
        <test-method status="SKIP" signature="atAfter()[pri:0, instance:myPack1.TC03@1cd9e66]" name="atAfter" is-config="true" duration-ms="0" started-at="2017-09-23T06:42:42Z" finished-at="2017-09-23T06:42:42Z">
          <reporter-output>
          </reporter-output>
        </test-method> <!-- atAfter -->
      </class> <!-- myPack1.TC03 -->
    </test> <!-- Cricinfo Test -->
  </suite> <!-- TestNG Suite -->
</testng-results>
